2026-03-14 12:21:29 - Inicio - archivo: d92719aa-a1e3-41bf-bea9-ee7c153cbf08.pdf.1773490878125.pdf, envio_id: 30
2026-03-14 12:21:29 - versionFile: /var/www/html/gestion360/attachments/d92719aa-a1e3-41bf-bea9-ee7c153cbf08.pdf.1773490878125.pdf
2026-03-14 12:21:29 - targetFile: /var/www/html/gestion360/attachments/d92719aa-a1e3-41bf-bea9-ee7c153cbf08.pdf
2026-03-14 12:21:29 - baseName: d92719aa-a1e3-41bf-bea9-ee7c153cbf08
2026-03-14 12:21:29 - existe versionFile: SI
2026-03-14 12:21:29 - Copia exitosa
2026-03-14 12:21:29 - Insertado en BD: d92719aa-a1e3-41bf-bea9-ee7c153cbf08.pdf
2026-03-14 12:26:43 - Inicio - archivo: d92719aa-a1e3-41bf-bea9-ee7c153cbf08.pdf.1773490878125.pdf, envio_id: 30
2026-03-14 12:26:43 - versionFile: /var/www/html/gestion360/attachments/d92719aa-a1e3-41bf-bea9-ee7c153cbf08.pdf.1773490878125.pdf
2026-03-14 12:26:43 - targetFile: /var/www/html/gestion360/attachments/d92719aa-a1e3-41bf-bea9-ee7c153cbf08.pdf
2026-03-14 12:26:43 - baseName: d92719aa-a1e3-41bf-bea9-ee7c153cbf08
2026-03-14 12:26:43 - existe versionFile: SI
2026-03-14 12:26:43 - Copia exitosa
2026-03-14 12:26:43 - Insertado en BD: d92719aa-a1e3-41bf-bea9-ee7c153cbf08.pdf
2026-03-14 12:52:00 - Inicio - archivo: f43e7875-5f73-4ea4-b420-cbc6dd294635.pdf.1773492459074.pdf, envio_id: 31
2026-03-14 12:52:00 - versionFile: /var/www/html/gestion360/attachments/f43e7875-5f73-4ea4-b420-cbc6dd294635.pdf.1773492459074.pdf
2026-03-14 12:52:00 - targetFile: /var/www/html/gestion360/attachments/f43e7875-5f73-4ea4-b420-cbc6dd294635.pdf
2026-03-14 12:52:00 - baseName: f43e7875-5f73-4ea4-b420-cbc6dd294635
2026-03-14 12:52:00 - existe versionFile: SI
2026-03-14 12:52:00 - Copia exitosa
2026-03-14 12:52:00 - Insertado en BD: f43e7875-5f73-4ea4-b420-cbc6dd294635.pdf
2026-03-14 13:20:11 - Inicio - archivo: 52538493-c26b-4ce3-8afb-f9e1adb41bd3.pdf.1773492791442.pdf, envio_id: 32
2026-03-14 13:20:11 - versionFile: /var/www/html/gestion360/attachments/52538493-c26b-4ce3-8afb-f9e1adb41bd3.pdf.1773492791442.pdf
2026-03-14 13:20:11 - targetFile: /var/www/html/gestion360/attachments/52538493-c26b-4ce3-8afb-f9e1adb41bd3.pdf
2026-03-14 13:20:11 - baseName: 52538493-c26b-4ce3-8afb-f9e1adb41bd3
2026-03-14 13:20:11 - existe versionFile: SI
2026-03-14 13:20:11 - Copia exitosa
2026-03-14 13:20:11 - Insertado en BD: 52538493-c26b-4ce3-8afb-f9e1adb41bd3.pdf
2026-03-14 13:20:17 - Inicio - archivo: 52538493-c26b-4ce3-8afb-f9e1adb41bd3.pdf.1773492774447.pdf, envio_id: 32
2026-03-14 13:20:17 - versionFile: /var/www/html/gestion360/attachments/52538493-c26b-4ce3-8afb-f9e1adb41bd3.pdf.1773492774447.pdf
2026-03-14 13:20:17 - targetFile: /var/www/html/gestion360/attachments/52538493-c26b-4ce3-8afb-f9e1adb41bd3.pdf
2026-03-14 13:20:17 - baseName: 52538493-c26b-4ce3-8afb-f9e1adb41bd3
2026-03-14 13:20:17 - existe versionFile: SI
2026-03-14 13:20:17 - Copia exitosa
2026-03-14 13:20:17 - Insertado en BD: 52538493-c26b-4ce3-8afb-f9e1adb41bd3.pdf
